Arguments: 
  /usr/local/bin/node /opt/homebrew/Cellar/yarn/1.22.19/libexec/bin/yarn.js add redux react-redux @types/react-redux

PATH: 
  /opt/homebrew/opt/pyqt@5/bin:/opt/homebrew/opt/qt@5/bin:/opt/homebrew/bin:/opt/homebrew/sbin:/Library/Frameworks/Python.framework/Versions/3.10/bin:/usr/local/bin:/System/Cryptexes/App/usr/bin:/usr/bin:/bin:/usr/sbin:/sbin:/Library/Apple/usr/bin:/opt/homebrew/opt/pyqt@5/bin:/opt/homebrew/opt/qt@5/bin:/opt/homebrew/bin:/opt/homebrew/sbin:/Library/Frameworks/Python.framework/Versions/3.10/bin:/Users/yein/development/flutter/bin:/Users/yein/development/flutter/bin

Yarn version: 
  1.22.19

Node version: 
  18.16.1

Platform: 
  darwin arm64

Trace: 
  Error: EACCES: permission denied, mkdir '/Users/yein/portfolio-page/node_modules/@typescript-eslint/eslint-plugin/node_modules/ignore'

npm manifest: 
  {
    "name": "yein-portfolio",
    "version": "1.0.0",
    "private": true,
    "description": "yein-portfolio",
    "author": "Y2IN",
    "keywords": [
      "gatsby"
    ],
    "scripts": {
      "develop": "gatsby develop",
      "start": "gatsby develop",
      "build": "gatsby build",
      "serve": "gatsby serve",
      "clean": "gatsby clean",
      "typecheck": "tsc --noEmit"
    },
    "dependencies": {
      "@emotion/react": "^11.11.1",
      "@emotion/styled": "^11.11.0",
      "@mdx-js/react": "^2.3.0",
      "@mui/material": "^5.14.13",
      "@mui/styled-engine-sc": "^6.0.0-alpha.1",
      "babel-plugin-styled-components": "^2.1.4",
      "gatsby": "^5.12.4",
      "gatsby-plugin-manifest": "^5.12.1",
      "gatsby-plugin-mdx": "^5.12.1",
      "gatsby-plugin-styled-components": "^6.12.0",
      "gatsby-source-filesystem": "^5.12.0",
      "react": "^18.2.0",
      "react-dom": "^18.2.0",
      "react-redux": "^8.1.3",
      "react-scroll": "^1.9.0",
      "react-spring": "^9.7.3",
      "redux": "^4.2.1",
      "styled-components": "^6.0.8"
    },
    "devDependencies": {
      "@types/node": "^20.3.3",
      "@types/react": "^18.2.14",
      "@types/react-dom": "^18.2.6",
      "typescript": "^5.1.6"
    }
  }

yarn manifest: 
  No manifest

Lockfile: 
  No lockfile
